<?xml version="1.0" encoding="UTF-8"?>
<testsuite name="com.java.calculator.fsm.expression.fsm.BracketsMachineTest" tests="11" skipped="0" failures="0" errors="0" timestamp="2022-06-14T21:56:27" hostname="DESKTOP-0EHAQCV" time="0.127">
  <properties/>
  <testcase name="[1] (3+5)*2, 16.0, Evaluation of brackets operator failed.." classname="com.java.calculator.fsm.expression.fsm.BracketsMachineTest" time="0.081"/>
  <testcase name="[2] (3+5)*(2+1), 24.0, Evaluation of brackets operator failed.." classname="com.java.calculator.fsm.expression.fsm.BracketsMachineTest" time="0.001"/>
  <testcase name="[3] 2 * (2+3), 10.0, Simple one brackets test has failed" classname="com.java.calculator.fsm.expression.fsm.BracketsMachineTest" time="0.004"/>
  <testcase name="[4] 2*(7+3/(2+3)), 15.2, Double nesting brackets test has failed" classname="com.java.calculator.fsm.expression.fsm.BracketsMachineTest" time="0.003"/>
  <testcase name="[5] 2*(7+3/(2+3)^4), 14.0096, Double nesting brackets with degree test has failed" classname="com.java.calculator.fsm.expression.fsm.BracketsMachineTest" time="0.003"/>
  <testcase name="[1] 1+3*(4+2, 8, Opened but not closed brackets test has failed" classname="com.java.calculator.fsm.expression.fsm.BracketsMachineTest" time="0.004"/>
  <testcase name="[2] 1+3*4)+2, 5, Closed but not opened brackets test has failed" classname="com.java.calculator.fsm.expression.fsm.BracketsMachineTest" time="0.002"/>
  <testcase name="[3] (), 1, Empty brackets test has failed" classname="com.java.calculator.fsm.expression.fsm.BracketsMachineTest" time="0.007"/>
  <testcase name="[4] ((1-2)+3, 8, Not closing brackets did not failed" classname="com.java.calculator.fsm.expression.fsm.BracketsMachineTest" time="0.001"/>
  <testcase name="[5] (1-2, 4, Not opening brackets did not failed." classname="com.java.calculator.fsm.expression.fsm.BracketsMachineTest" time="0.001"/>
  <testcase name="[6] (), 1, Not expression in brackets did not failed." classname="com.java.calculator.fsm.expression.fsm.BracketsMachineTest" time="0.001"/>
  <system-out><![CDATA[]]></system-out>
  <system-err><![CDATA[SLF4J: Failed to load class "org.slf4j.impl.StaticLoggerBinder".
SLF4J: Defaulting to no-operation (NOP) logger implementation
SLF4J: See http://www.slf4j.org/codes.html#StaticLoggerBinder for further details.
]]></system-err>
</testsuite>
