<?xml version="1.0" encoding="UTF-8"?>
<testsuite name="com.java.calculator.fsm.expression.fsm.ExpressionCalculationTest" tests="10" skipped="0" failures="0" errors="0" timestamp="2022-06-14T21:56:27" hostname="DESKTOP-0EHAQCV" time="0.028">
  <properties/>
  <testcase name="[1] 1 + 2, 3.0, Simple sum action test has failed" classname="com.java.calculator.fsm.expression.fsm.ExpressionCalculationTest" time="0.001"/>
  <testcase name="[2] 2*4, 8.0, Simple multiplication action test has failed" classname="com.java.calculator.fsm.expression.fsm.ExpressionCalculationTest" time="0.001"/>
  <testcase name="[3] 1+2*3, 7.0, Several digits test has failed" classname="com.java.calculator.fsm.expression.fsm.ExpressionCalculationTest" time="0.001"/>
  <testcase name="[4] 3*4   +6*7+9^2, 135.0, Negative several digits test has failed" classname="com.java.calculator.fsm.expression.fsm.ExpressionCalculationTest" time="0.001"/>
  <testcase name="[5] 2 * 4, 8.0, Space between operands test has failed" classname="com.java.calculator.fsm.expression.fsm.ExpressionCalculationTest" time="0.002"/>
  <testcase name="[1] 1/0, 3, Division by zero test has failed" classname="com.java.calculator.fsm.expression.fsm.ExpressionCalculationTest" time="0.001"/>
  <testcase name="[2] 1**2, 2, Double minus action test has failed" classname="com.java.calculator.fsm.expression.fsm.ExpressionCalculationTest" time="0.001"/>
  <testcase name="[3] 1-+2, 2, Several operators test has failed" classname="com.java.calculator.fsm.expression.fsm.ExpressionCalculationTest" time="0.001"/>
  <testcase name="[4] 2//2, 2, Double division action test has failed" classname="com.java.calculator.fsm.expression.fsm.ExpressionCalculationTest" time="0.001"/>
  <testcase name="[5] 2.22.2/5, 4, Error in number test has failed" classname="com.java.calculator.fsm.expression.fsm.ExpressionCalculationTest" time="0.001"/>
  <system-out><![CDATA[]]></system-out>
  <system-err><![CDATA[]]></system-err>
</testsuite>
