<?xml version="1.0" encoding="UTF-8"?>
<testsuite name="com.java.calculator.fsm.expression.ShuntingYardStackTest" tests="4" skipped="0" failures="0" errors="0" timestamp="2022-06-14T21:56:27" hostname="DESKTOP-0EHAQCV" time="0.03">
  <properties/>
  <testcase name="[1] 1, +, 3, 4, 1+3 failed" classname="com.java.calculator.fsm.expression.ShuntingYardStackTest" time="0.004"/>
  <testcase name="[2] 4, -, 2, 2, 4-2 failed" classname="com.java.calculator.fsm.expression.ShuntingYardStackTest" time="0.001"/>
  <testcase name="[3] 6, /, 3, 2, 6/3 failed" classname="com.java.calculator.fsm.expression.ShuntingYardStackTest" time="0.003"/>
  <testcase name="[4] 2, *, 3, 6, 2*3 failed" classname="com.java.calculator.fsm.expression.ShuntingYardStackTest" time="0.001"/>
  <system-out><![CDATA[]]></system-out>
  <system-err><![CDATA[]]></system-err>
</testsuite>
